<?xml version="1.0" encoding="UTF-8"?>
<Site BuildName="(empty)"
	BuildStamp="20250806-2133-Experimental"
	Name="(empty)"
	Generator="ctest-3.28.3"
	CompilerName=""
	CompilerVersion=""
	OSName="Linux"
	Hostname="secondary-fishtank"
	OSRelease="6.8.0-71-generic"
	OSVersion="#71-Ubuntu SMP PREEMPT_DYNAMIC Tue Jul 22 16:52:38 UTC 2025"
	OSPlatform="x86_64"
	Is64Bits="1"
	VendorString="GenuineIntel"
	VendorID="Intel Corporation"
	FamilyID="6"
	ModelID="122"
	ProcessorCacheSize="4096"
	NumberOfLogicalCPU="2"
	NumberOfPhysicalCPU="2"
	TotalVirtualMemory="3119"
	TotalPhysicalMemory="3731"
	LogicalProcessorsPerPhysical="1"
	ProcessorClockFrequency="1691.36"
	>
	<Testing>
		<StartDateTime>Aug 06 16:40 CDT</StartDateTime>
		<StartTestTime>1754516413</StartTestTime>
		<TestList/>
		<EndDateTime>Aug 06 16:40 CDT</EndDateTime>
		<EndTestTime>1754516413</EndTestTime>
		<ElapsedMinutes>0</ElapsedMinutes>
	</Testing>
</Site>
